<?xml version="1.0" encoding="UTF-8"?>
<!-- Generated by org.testng.reporters.JUnitReportReporter -->
<testsuite hostname="Lenovo" failures="0" tests="5" name="TestngProjects.PriorityTwo" time="0.034" errors="0" timestamp="2023-02-14T16:19:47 IST" skipped="0">
  <testcase classname="TestngProjects.PriorityTwo" name="MethodEight" time="0.007"/>
  <system-out/>
  <testcase classname="TestngProjects.PriorityTwo" name="MethodEleven" time="0.004"/>
  <system-out/>
  <testcase classname="TestngProjects.PriorityTwo" name="MethodNine" time="0.010"/>
  <system-out/>
  <testcase classname="TestngProjects.PriorityTwo" name="MethodTen" time="0.008"/>
  <system-out/>
  <testcase classname="TestngProjects.PriorityTwo" name="MethodTweleve" time="0.005"/>
  <system-out/>
</testsuite> <!-- TestngProjects.PriorityTwo -->
