<?xml version="1.0" encoding="UTF-8"?>
<!-- Generated by org.testng.reporters.JUnitReportReporter -->
<testsuite hostname="Lenovo" failures="0" tests="3" name="TestngProjects.GroupingOne" time="0.042" errors="0" timestamp="2023-02-14T17:02:44 IST" skipped="0">
  <testcase classname="TestngProjects.GroupingOne" name="Method3" time="0.006"/>
  <system-out/>
  <testcase classname="TestngProjects.GroupingOne" name="Method5" time="0.008"/>
  <system-out/>
  <testcase classname="TestngProjects.GroupingOne" name="Method1" time="0.028"/>
  <system-out/>
</testsuite> <!-- TestngProjects.GroupingOne -->
