<?xml version="1.0" encoding="UTF-8"?>
<!-- Generated by org.testng.reporters.JUnitReportReporter -->
<testsuite hostname="Lenovo" failures="0" tests="7" name="TestngProjects.PriorityOneTest" time="0.071" errors="0" timestamp="2023-02-14T16:19:47 IST" skipped="0">
  <testcase classname="TestngProjects.PriorityOneTest" name="MethodFiveTest" time="0.027"/>
  <system-out/>
  <testcase classname="TestngProjects.PriorityOneTest" name="MethodTwoTest" time="0.004"/>
  <system-out/>
  <testcase classname="TestngProjects.PriorityOneTest" name="MethodFourTest" time="0.005"/>
  <system-out/>
  <testcase classname="TestngProjects.PriorityOneTest" name="MethodSixTest" time="0.010"/>
  <system-out/>
  <testcase classname="TestngProjects.PriorityOneTest" name="MethodSevenTest" time="0.005"/>
  <system-out/>
  <testcase classname="TestngProjects.PriorityOneTest" name="MethodOneTest" time="0.013"/>
  <system-out/>
  <testcase classname="TestngProjects.PriorityOneTest" name="MethodThreeTest" time="0.007"/>
  <system-out/>
</testsuite> <!-- TestngProjects.PriorityOneTest -->
