<?xml version="1.0" encoding="UTF-8"?>
<!-- Generated by org.testng.reporters.JUnitReportReporter -->
<testsuite hostname="Lenovo" failures="0" tests="6" name="TestngProjects.GroupingTwo" time="0.053" errors="0" timestamp="2023-02-14T17:02:44 IST" skipped="0">
  <testcase classname="TestngProjects.GroupingTwo" name="Method11" time="0.006"/>
  <system-out/>
  <testcase classname="TestngProjects.GroupingTwo" name="Method10" time="0.007"/>
  <system-out/>
  <testcase classname="TestngProjects.GroupingTwo" name="Method7" time="0.010"/>
  <system-out/>
  <testcase classname="TestngProjects.GroupingTwo" name="Method9" time="0.018"/>
  <system-out/>
  <testcase classname="TestngProjects.GroupingTwo" name="Method12" time="0.008"/>
  <system-out/>
  <testcase classname="TestngProjects.GroupingTwo" name="Method8" time="0.004"/>
  <system-out/>
</testsuite> <!-- TestngProjects.GroupingTwo -->
